<?xml version="1.0" encoding="UTF-8"?>
<testsuite xmlns:xsi="http://www.w3.org/2001/XMLSchema-instance" xsi:noNamespaceSchemaLocation="https://maven.apache.org/surefire/maven-surefire-plugin/xsd/surefire-test-report-3.0.xsd" version="3.0" name="com.krs.knowledgerevisingsystem.KnowledgeRevisingSystemApplicationTests" time="10.474" tests="1" errors="0" skipped="0" failures="0">
  <properties>
    <property name="java.specification.version" value="17"/>
    <property name="sun.cpu.isalist" value="amd64"/>
    <property name="sun.jnu.encoding" value="Cp1252"/>
    <property name="java.class.path" value="D:\Appota Apply\se1816-g4\Knowledge Revising System\target\test-classes;D:\Appota Apply\se1816-g4\Knowledge Revising System\target\classes;C:\Users\quyen\.m2\repository\org\springframework\boot\spring-boot-starter-security\3.2.5\spring-boot-starter-security-3.2.5.jar;C:\Users\quyen\.m2\repository\org\springframework\boot\spring-boot-starter\3.2.5\spring-boot-starter-3.2.5.jar;C:\Users\quyen\.m2\repository\org\springframework\boot\spring-boot\3.2.5\spring-boot-3.2.5.jar;C:\Users\quyen\.m2\repository\org\springframework\boot\spring-boot-autoconfigure\3.2.5\spring-boot-autoconfigure-3.2.5.jar;C:\Users\quyen\.m2\repository\org\springframework\boot\spring-boot-starter-logging\3.2.5\spring-boot-starter-logging-3.2.5.jar;C:\Users\quyen\.m2\repository\ch\qos\logback\logback-classic\1.4.14\logback-classic-1.4.14.jar;C:\Users\quyen\.m2\repository\ch\qos\logback\logback-core\1.4.14\logback-core-1.4.14.jar;C:\Users\quyen\.m2\repository\org\apache\logging\log4j\log4j-to-slf4j\2.21.1\log4j-to-slf4j-2.21.1.jar;C:\Users\quyen\.m2\repository\org\slf4j\jul-to-slf4j\2.0.13\jul-to-slf4j-2.0.13.jar;C:\Users\quyen\.m2\repository\jakarta\annotation\jakarta.annotation-api\2.1.1\jakarta.annotation-api-2.1.1.jar;C:\Users\quyen\.m2\repository\org\yaml\snakeyaml\2.2\snakeyaml-2.2.jar;C:\Users\quyen\.m2\repository\org\springframework\spring-aop\6.1.6\spring-aop-6.1.6.jar;C:\Users\quyen\.m2\repository\org\springframework\spring-beans\6.1.6\spring-beans-6.1.6.jar;C:\Users\quyen\.m2\repository\org\springframework\security\spring-security-config\6.2.4\spring-security-config-6.2.4.jar;C:\Users\quyen\.m2\repository\org\springframework\spring-context\6.1.6\spring-context-6.1.6.jar;C:\Users\quyen\.m2\repository\org\springframework\security\spring-security-web\6.2.4\spring-security-web-6.2.4.jar;C:\Users\quyen\.m2\repository\org\springframework\spring-expression\6.1.6\spring-expression-6.1.6.jar;C:\Users\quyen\.m2\repository\org\springframework\boot\spring-boot-starter-web\3.2.5\spring-boot-starter-web-3.2.5.jar;C:\Users\quyen\.m2\repository\org\springframework\boot\spring-boot-starter-json\3.2.5\spring-boot-starter-json-3.2.5.jar;C:\Users\quyen\.m2\repository\com\fasterxml\jackson\core\jackson-databind\2.15.4\jackson-databind-2.15.4.jar;C:\Users\quyen\.m2\repository\com\fasterxml\jackson\core\jackson-annotations\2.15.4\jackson-annotations-2.15.4.jar;C:\Users\quyen\.m2\repository\com\fasterxml\jackson\core\jackson-core\2.15.4\jackson-core-2.15.4.jar;C:\Users\quyen\.m2\repository\com\fasterxml\jackson\datatype\jackson-datatype-jdk8\2.15.4\jackson-datatype-jdk8-2.15.4.jar;C:\Users\quyen\.m2\repository\com\fasterxml\jackson\datatype\jackson-datatype-jsr310\2.15.4\jackson-datatype-jsr310-2.15.4.jar;C:\Users\quyen\.m2\repository\com\fasterxml\jackson\module\jackson-module-parameter-names\2.15.4\jackson-module-parameter-names-2.15.4.jar;C:\Users\quyen\.m2\repository\org\springframework\boot\spring-boot-starter-tomcat\3.2.5\spring-boot-starter-tomcat-3.2.5.jar;C:\Users\quyen\.m2\repository\org\apache\tomcat\embed\tomcat-embed-websocket\10.1.20\tomcat-embed-websocket-10.1.20.jar;C:\Users\quyen\.m2\repository\org\springframework\spring-web\6.1.6\spring-web-6.1.6.jar;C:\Users\quyen\.m2\repository\io\micrometer\micrometer-observation\1.12.5\micrometer-observation-1.12.5.jar;C:\Users\quyen\.m2\repository\io\micrometer\micrometer-commons\1.12.5\micrometer-commons-1.12.5.jar;C:\Users\quyen\.m2\repository\org\springframework\spring-webmvc\6.1.6\spring-webmvc-6.1.6.jar;C:\Users\quyen\.m2\repository\org\apache\tomcat\embed\tomcat-embed-jasper\10.1.20\tomcat-embed-jasper-10.1.20.jar;C:\Users\quyen\.m2\repository\org\apache\tomcat\embed\tomcat-embed-core\10.1.20\tomcat-embed-core-10.1.20.jar;C:\Users\quyen\.m2\repository\org\apache\tomcat\tomcat-annotations-api\10.1.20\tomcat-annotations-api-10.1.20.jar;C:\Users\quyen\.m2\repository\org\apache\tomcat\embed\tomcat-embed-el\10.1.20\tomcat-embed-el-10.1.20.jar;C:\Users\quyen\.m2\repository\org\eclipse\jdt\ecj\3.33.0\ecj-3.33.0.jar;C:\Users\quyen\.m2\repository\org\projectlombok\lombok\1.18.32\lombok-1.18.32.jar;C:\Users\quyen\.m2\repository\org\springframework\boot\spring-boot-starter-test\3.2.5\spring-boot-starter-test-3.2.5.jar;C:\Users\quyen\.m2\repository\org\springframework\boot\spring-boot-test\3.2.5\spring-boot-test-3.2.5.jar;C:\Users\quyen\.m2\repository\org\springframework\boot\spring-boot-test-autoconfigure\3.2.5\spring-boot-test-autoconfigure-3.2.5.jar;C:\Users\quyen\.m2\repository\com\jayway\jsonpath\json-path\2.9.0\json-path-2.9.0.jar;C:\Users\quyen\.m2\repository\org\slf4j\slf4j-api\2.0.13\slf4j-api-2.0.13.jar;C:\Users\quyen\.m2\repository\jakarta\xml\bind\jakarta.xml.bind-api\4.0.2\jakarta.xml.bind-api-4.0.2.jar;C:\Users\quyen\.m2\repository\jakarta\activation\jakarta.activation-api\2.1.3\jakarta.activation-api-2.1.3.jar;C:\Users\quyen\.m2\repository\net\minidev\json-smart\2.5.1\json-smart-2.5.1.jar;C:\Users\quyen\.m2\repository\net\minidev\accessors-smart\2.5.1\accessors-smart-2.5.1.jar;C:\Users\quyen\.m2\repository\org\ow2\asm\asm\9.6\asm-9.6.jar;C:\Users\quyen\.m2\repository\org\assertj\assertj-core\3.24.2\assertj-core-3.24.2.jar;C:\Users\quyen\.m2\repository\net\bytebuddy\byte-buddy\1.14.13\byte-buddy-1.14.13.jar;C:\Users\quyen\.m2\repository\org\awaitility\awaitility\4.2.1\awaitility-4.2.1.jar;C:\Users\quyen\.m2\repository\org\hamcrest\hamcrest\2.2\hamcrest-2.2.jar;C:\Users\quyen\.m2\repository\org\junit\jupiter\junit-jupiter\5.10.2\junit-jupiter-5.10.2.jar;C:\Users\quyen\.m2\repository\org\junit\jupiter\junit-jupiter-api\5.10.2\junit-jupiter-api-5.10.2.jar;C:\Users\quyen\.m2\repository\org\opentest4j\opentest4j\1.3.0\opentest4j-1.3.0.jar;C:\Users\quyen\.m2\repository\org\junit\platform\junit-platform-commons\1.10.2\junit-platform-commons-1.10.2.jar;C:\Users\quyen\.m2\repository\org\apiguardian\apiguardian-api\1.1.2\apiguardian-api-1.1.2.jar;C:\Users\quyen\.m2\repository\org\junit\jupiter\junit-jupiter-params\5.10.2\junit-jupiter-params-5.10.2.jar;C:\Users\quyen\.m2\repository\org\junit\jupiter\junit-jupiter-engine\5.10.2\junit-jupiter-engine-5.10.2.jar;C:\Users\quyen\.m2\repository\org\junit\platform\junit-platform-engine\1.10.2\junit-platform-engine-1.10.2.jar;C:\Users\quyen\.m2\repository\org\mockito\mockito-core\5.7.0\mockito-core-5.7.0.jar;C:\Users\quyen\.m2\repository\net\bytebuddy\byte-buddy-agent\1.14.13\byte-buddy-agent-1.14.13.jar;C:\Users\quyen\.m2\repository\org\objenesis\objenesis\3.3\objenesis-3.3.jar;C:\Users\quyen\.m2\repository\org\mockito\mockito-junit-jupiter\5.7.0\mockito-junit-jupiter-5.7.0.jar;C:\Users\quyen\.m2\repository\org\skyscreamer\jsonassert\1.5.1\jsonassert-1.5.1.jar;C:\Users\quyen\.m2\repository\com\vaadin\external\google\android-json\0.0.20131108.vaadin1\android-json-0.0.20131108.vaadin1.jar;C:\Users\quyen\.m2\repository\org\springframework\spring-core\6.1.6\spring-core-6.1.6.jar;C:\Users\quyen\.m2\repository\org\springframework\spring-jcl\6.1.6\spring-jcl-6.1.6.jar;C:\Users\quyen\.m2\repository\org\springframework\spring-test\6.1.6\spring-test-6.1.6.jar;C:\Users\quyen\.m2\repository\org\xmlunit\xmlunit-core\2.9.1\xmlunit-core-2.9.1.jar;C:\Users\quyen\.m2\repository\org\springframework\security\spring-security-test\6.2.4\spring-security-test-6.2.4.jar;C:\Users\quyen\.m2\repository\org\springframework\security\spring-security-core\6.2.4\spring-security-core-6.2.4.jar;C:\Users\quyen\.m2\repository\org\springframework\security\spring-security-crypto\6.2.4\spring-security-crypto-6.2.4.jar;C:\Users\quyen\.m2\repository\org\springframework\boot\spring-boot-starter-data-jpa\3.2.5\spring-boot-starter-data-jpa-3.2.5.jar;C:\Users\quyen\.m2\repository\org\springframework\boot\spring-boot-starter-aop\3.2.5\spring-boot-starter-aop-3.2.5.jar;C:\Users\quyen\.m2\repository\org\aspectj\aspectjweaver\1.9.22\aspectjweaver-1.9.22.jar;C:\Users\quyen\.m2\repository\org\springframework\boot\spring-boot-starter-jdbc\3.2.5\spring-boot-starter-jdbc-3.2.5.jar;C:\Users\quyen\.m2\repository\com\zaxxer\HikariCP\5.0.1\HikariCP-5.0.1.jar;C:\Users\quyen\.m2\repository\org\springframework\spring-jdbc\6.1.6\spring-jdbc-6.1.6.jar;C:\Users\quyen\.m2\repository\org\hibernate\orm\hibernate-core\6.4.4.Final\hibernate-core-6.4.4.Final.jar;C:\Users\quyen\.m2\repository\jakarta\persistence\jakarta.persistence-api\3.1.0\jakarta.persistence-api-3.1.0.jar;C:\Users\quyen\.m2\repository\jakarta\transaction\jakarta.transaction-api\2.0.1\jakarta.transaction-api-2.0.1.jar;C:\Users\quyen\.m2\repository\org\jboss\logging\jboss-logging\3.5.3.Final\jboss-logging-3.5.3.Final.jar;C:\Users\quyen\.m2\repository\org\hibernate\common\hibernate-commons-annotations\6.0.6.Final\hibernate-commons-annotations-6.0.6.Final.jar;C:\Users\quyen\.m2\repository\io\smallrye\jandex\3.1.2\jandex-3.1.2.jar;C:\Users\quyen\.m2\repository\com\fasterxml\classmate\1.6.0\classmate-1.6.0.jar;C:\Users\quyen\.m2\repository\org\glassfish\jaxb\jaxb-runtime\4.0.5\jaxb-runtime-4.0.5.jar;C:\Users\quyen\.m2\repository\org\glassfish\jaxb\jaxb-core\4.0.5\jaxb-core-4.0.5.jar;C:\Users\quyen\.m2\repository\org\glassfish\jaxb\txw2\4.0.5\txw2-4.0.5.jar;C:\Users\quyen\.m2\repository\com\sun\istack\istack-commons-runtime\4.1.2\istack-commons-runtime-4.1.2.jar;C:\Users\quyen\.m2\repository\jakarta\inject\jakarta.inject-api\2.0.1\jakarta.inject-api-2.0.1.jar;C:\Users\quyen\.m2\repository\org\antlr\antlr4-runtime\4.13.0\antlr4-runtime-4.13.0.jar;C:\Users\quyen\.m2\repository\org\springframework\data\spring-data-jpa\3.2.5\spring-data-jpa-3.2.5.jar;C:\Users\quyen\.m2\repository\org\springframework\data\spring-data-commons\3.2.5\spring-data-commons-3.2.5.jar;C:\Users\quyen\.m2\repository\org\springframework\spring-orm\6.1.6\spring-orm-6.1.6.jar;C:\Users\quyen\.m2\repository\org\springframework\spring-tx\6.1.6\spring-tx-6.1.6.jar;C:\Users\quyen\.m2\repository\org\springframework\spring-aspects\6.1.6\spring-aspects-6.1.6.jar;C:\Users\quyen\.m2\repository\com\mysql\mysql-connector-j\8.4.0\mysql-connector-j-8.4.0.jar;C:\Users\quyen\.m2\repository\jakarta\servlet\jsp\jstl\jakarta.servlet.jsp.jstl-api\3.0.0\jakarta.servlet.jsp.jstl-api-3.0.0.jar;C:\Users\quyen\.m2\repository\jakarta\servlet\jakarta.servlet-api\6.0.0\jakarta.servlet-api-6.0.0.jar;C:\Users\quyen\.m2\repository\jakarta\el\jakarta.el-api\5.0.0\jakarta.el-api-5.0.0.jar;C:\Users\quyen\.m2\repository\org\glassfish\web\jakarta.servlet.jsp.jstl\3.0.1\jakarta.servlet.jsp.jstl-3.0.1.jar;C:\Users\quyen\.m2\repository\org\springframework\boot\spring-boot-starter-mail\3.2.5\spring-boot-starter-mail-3.2.5.jar;C:\Users\quyen\.m2\repository\org\springframework\spring-context-support\6.1.6\spring-context-support-6.1.6.jar;C:\Users\quyen\.m2\repository\org\eclipse\angus\jakarta.mail\2.0.3\jakarta.mail-2.0.3.jar;C:\Users\quyen\.m2\repository\org\eclipse\angus\angus-activation\2.0.2\angus-activation-2.0.2.jar;C:\Users\quyen\.m2\repository\com\squareup\okhttp3\okhttp\5.0.0-alpha.14\okhttp-5.0.0-alpha.14.jar;C:\Users\quyen\.m2\repository\com\squareup\okio\okio-jvm\3.9.0\okio-jvm-3.9.0.jar;C:\Users\quyen\.m2\repository\org\jetbrains\kotlin\kotlin-stdlib\1.9.23\kotlin-stdlib-1.9.23.jar;C:\Users\quyen\.m2\repository\org\jetbrains\annotations\13.0\annotations-13.0.jar;C:\Users\quyen\.m2\repository\com\konghq\unirest-java\3.14.5\unirest-java-3.14.5.jar;C:\Users\quyen\.m2\repository\org\apache\httpcomponents\httpclient\4.5.13\httpclient-4.5.13.jar;C:\Users\quyen\.m2\repository\org\apache\httpcomponents\httpcore\4.4.16\httpcore-4.4.16.jar;C:\Users\quyen\.m2\repository\commons-logging\commons-logging\1.2\commons-logging-1.2.jar;C:\Users\quyen\.m2\repository\org\apache\httpcomponents\httpmime\4.5.13\httpmime-4.5.13.jar;C:\Users\quyen\.m2\repository\org\apache\httpcomponents\httpcore-nio\4.4.16\httpcore-nio-4.4.16.jar;C:\Users\quyen\.m2\repository\org\apache\httpcomponents\httpasyncclient\4.1.5\httpasyncclient-4.1.5.jar;C:\Users\quyen\.m2\repository\commons-codec\commons-codec\1.16.1\commons-codec-1.16.1.jar;C:\Users\quyen\.m2\repository\com\google\code\gson\gson\2.10.1\gson-2.10.1.jar;C:\Users\quyen\.m2\repository\org\springframework\boot\spring-boot-starter-oauth2-client\3.2.5\spring-boot-starter-oauth2-client-3.2.5.jar;C:\Users\quyen\.m2\repository\org\springframework\security\spring-security-oauth2-client\6.2.4\spring-security-oauth2-client-6.2.4.jar;C:\Users\quyen\.m2\repository\org\springframework\security\spring-security-oauth2-core\6.2.4\spring-security-oauth2-core-6.2.4.jar;C:\Users\quyen\.m2\repository\com\nimbusds\oauth2-oidc-sdk\9.43.3\oauth2-oidc-sdk-9.43.3.jar;C:\Users\quyen\.m2\repository\com\github\stephenc\jcip\jcip-annotations\1.0-1\jcip-annotations-1.0-1.jar;C:\Users\quyen\.m2\repository\com\nimbusds\content-type\2.2\content-type-2.2.jar;C:\Users\quyen\.m2\repository\com\nimbusds\lang-tag\1.7\lang-tag-1.7.jar;C:\Users\quyen\.m2\repository\org\springframework\security\spring-security-oauth2-jose\6.2.4\spring-security-oauth2-jose-6.2.4.jar;C:\Users\quyen\.m2\repository\com\nimbusds\nimbus-jose-jwt\9.24.4\nimbus-jose-jwt-9.24.4.jar;C:\Users\quyen\.m2\repository\org\apache\poi\poi-ooxml\5.3.0\poi-ooxml-5.3.0.jar;C:\Users\quyen\.m2\repository\org\apache\poi\poi\5.3.0\poi-5.3.0.jar;C:\Users\quyen\.m2\repository\org\apache\commons\commons-math3\3.6.1\commons-math3-3.6.1.jar;C:\Users\quyen\.m2\repository\com\zaxxer\SparseBitSet\1.3\SparseBitSet-1.3.jar;C:\Users\quyen\.m2\repository\org\apache\poi\poi-ooxml-lite\5.3.0\poi-ooxml-lite-5.3.0.jar;C:\Users\quyen\.m2\repository\org\apache\xmlbeans\xmlbeans\5.2.1\xmlbeans-5.2.1.jar;C:\Users\quyen\.m2\repository\org\apache\commons\commons-compress\1.26.2\commons-compress-1.26.2.jar;C:\Users\quyen\.m2\repository\org\apache\commons\commons-lang3\3.13.0\commons-lang3-3.13.0.jar;C:\Users\quyen\.m2\repository\commons-io\commons-io\2.16.1\commons-io-2.16.1.jar;C:\Users\quyen\.m2\repository\com\github\virtuald\curvesapi\1.08\curvesapi-1.08.jar;C:\Users\quyen\.m2\repository\org\apache\logging\log4j\log4j-api\2.21.1\log4j-api-2.21.1.jar;C:\Users\quyen\.m2\repository\org\apache\commons\commons-collections4\4.4\commons-collections4-4.4.jar;"/>
    <property name="java.vm.vendor" value="Oracle Corporation"/>
    <property name="sun.arch.data.model" value="64"/>
    <property name="user.variant" value=""/>
    <property name="java.vendor.url" value="https://java.oracle.com/"/>
    <property name="user.timezone" value="Asia/Saigon"/>
    <property name="org.jboss.logging.provider" value="slf4j"/>
    <property name="os.name" value="Windows 11"/>
    <property name="java.vm.specification.version" value="17"/>
    <property name="sun.java.launcher" value="SUN_STANDARD"/>
    <property name="user.country" value="GB"/>
    <property name="sun.boot.library.path" value="C:\Program Files\Java\jdk-17\bin"/>
    <property name="sun.java.command" value="C:\Users\quyen\AppData\Local\Temp\surefire15407971525971039626\surefirebooter-20240727145320214_3.jar C:\Users\quyen\AppData\Local\Temp\surefire15407971525971039626 2024-07-27T14-53-19_930-jvmRun1 surefire-20240727145320214_1tmp surefire_0-20240727145320214_2tmp"/>
    <property name="jdk.debug" value="release"/>
    <property name="surefire.test.class.path" value="D:\Appota Apply\se1816-g4\Knowledge Revising System\target\test-classes;D:\Appota Apply\se1816-g4\Knowledge Revising System\target\classes;C:\Users\quyen\.m2\repository\org\springframework\boot\spring-boot-starter-security\3.2.5\spring-boot-starter-security-3.2.5.jar;C:\Users\quyen\.m2\repository\org\springframework\boot\spring-boot-starter\3.2.5\spring-boot-starter-3.2.5.jar;C:\Users\quyen\.m2\repository\org\springframework\boot\spring-boot\3.2.5\spring-boot-3.2.5.jar;C:\Users\quyen\.m2\repository\org\springframework\boot\spring-boot-autoconfigure\3.2.5\spring-boot-autoconfigure-3.2.5.jar;C:\Users\quyen\.m2\repository\org\springframework\boot\spring-boot-starter-logging\3.2.5\spring-boot-starter-logging-3.2.5.jar;C:\Users\quyen\.m2\repository\ch\qos\logback\logback-classic\1.4.14\logback-classic-1.4.14.jar;C:\Users\quyen\.m2\repository\ch\qos\logback\logback-core\1.4.14\logback-core-1.4.14.jar;C:\Users\quyen\.m2\repository\org\apache\logging\log4j\log4j-to-slf4j\2.21.1\log4j-to-slf4j-2.21.1.jar;C:\Users\quyen\.m2\repository\org\slf4j\jul-to-slf4j\2.0.13\jul-to-slf4j-2.0.13.jar;C:\Users\quyen\.m2\repository\jakarta\annotation\jakarta.annotation-api\2.1.1\jakarta.annotation-api-2.1.1.jar;C:\Users\quyen\.m2\repository\org\yaml\snakeyaml\2.2\snakeyaml-2.2.jar;C:\Users\quyen\.m2\repository\org\springframework\spring-aop\6.1.6\spring-aop-6.1.6.jar;C:\Users\quyen\.m2\repository\org\springframework\spring-beans\6.1.6\spring-beans-6.1.6.jar;C:\Users\quyen\.m2\repository\org\springframework\security\spring-security-config\6.2.4\spring-security-config-6.2.4.jar;C:\Users\quyen\.m2\repository\org\springframework\spring-context\6.1.6\spring-context-6.1.6.jar;C:\Users\quyen\.m2\repository\org\springframework\security\spring-security-web\6.2.4\spring-security-web-6.2.4.jar;C:\Users\quyen\.m2\repository\org\springframework\spring-expression\6.1.6\spring-expression-6.1.6.jar;C:\Users\quyen\.m2\repository\org\springframework\boot\spring-boot-starter-web\3.2.5\spring-boot-starter-web-3.2.5.jar;C:\Users\quyen\.m2\repository\org\springframework\boot\spring-boot-starter-json\3.2.5\spring-boot-starter-json-3.2.5.jar;C:\Users\quyen\.m2\repository\com\fasterxml\jackson\core\jackson-databind\2.15.4\jackson-databind-2.15.4.jar;C:\Users\quyen\.m2\repository\com\fasterxml\jackson\core\jackson-annotations\2.15.4\jackson-annotations-2.15.4.jar;C:\Users\quyen\.m2\repository\com\fasterxml\jackson\core\jackson-core\2.15.4\jackson-core-2.15.4.jar;C:\Users\quyen\.m2\repository\com\fasterxml\jackson\datatype\jackson-datatype-jdk8\2.15.4\jackson-datatype-jdk8-2.15.4.jar;C:\Users\quyen\.m2\repository\com\fasterxml\jackson\datatype\jackson-datatype-jsr310\2.15.4\jackson-datatype-jsr310-2.15.4.jar;C:\Users\quyen\.m2\repository\com\fasterxml\jackson\module\jackson-module-parameter-names\2.15.4\jackson-module-parameter-names-2.15.4.jar;C:\Users\quyen\.m2\repository\org\springframework\boot\spring-boot-starter-tomcat\3.2.5\spring-boot-starter-tomcat-3.2.5.jar;C:\Users\quyen\.m2\repository\org\apache\tomcat\embed\tomcat-embed-websocket\10.1.20\tomcat-embed-websocket-10.1.20.jar;C:\Users\quyen\.m2\repository\org\springframework\spring-web\6.1.6\spring-web-6.1.6.jar;C:\Users\quyen\.m2\repository\io\micrometer\micrometer-observation\1.12.5\micrometer-observation-1.12.5.jar;C:\Users\quyen\.m2\repository\io\micrometer\micrometer-commons\1.12.5\micrometer-commons-1.12.5.jar;C:\Users\quyen\.m2\repository\org\springframework\spring-webmvc\6.1.6\spring-webmvc-6.1.6.jar;C:\Users\quyen\.m2\repository\org\apache\tomcat\embed\tomcat-embed-jasper\10.1.20\tomcat-embed-jasper-10.1.20.jar;C:\Users\quyen\.m2\repository\org\apache\tomcat\embed\tomcat-embed-core\10.1.20\tomcat-embed-core-10.1.20.jar;C:\Users\quyen\.m2\repository\org\apache\tomcat\tomcat-annotations-api\10.1.20\tomcat-annotations-api-10.1.20.jar;C:\Users\quyen\.m2\repository\org\apache\tomcat\embed\tomcat-embed-el\10.1.20\tomcat-embed-el-10.1.20.jar;C:\Users\quyen\.m2\repository\org\eclipse\jdt\ecj\3.33.0\ecj-3.33.0.jar;C:\Users\quyen\.m2\repository\org\projectlombok\lombok\1.18.32\lombok-1.18.32.jar;C:\Users\quyen\.m2\repository\org\springframework\boot\spring-boot-starter-test\3.2.5\spring-boot-starter-test-3.2.5.jar;C:\Users\quyen\.m2\repository\org\springframework\boot\spring-boot-test\3.2.5\spring-boot-test-3.2.5.jar;C:\Users\quyen\.m2\repository\org\springframework\boot\spring-boot-test-autoconfigure\3.2.5\spring-boot-test-autoconfigure-3.2.5.jar;C:\Users\quyen\.m2\repository\com\jayway\jsonpath\json-path\2.9.0\json-path-2.9.0.jar;C:\Users\quyen\.m2\repository\org\slf4j\slf4j-api\2.0.13\slf4j-api-2.0.13.jar;C:\Users\quyen\.m2\repository\jakarta\xml\bind\jakarta.xml.bind-api\4.0.2\jakarta.xml.bind-api-4.0.2.jar;C:\Users\quyen\.m2\repository\jakarta\activation\jakarta.activation-api\2.1.3\jakarta.activation-api-2.1.3.jar;C:\Users\quyen\.m2\repository\net\minidev\json-smart\2.5.1\json-smart-2.5.1.jar;C:\Users\quyen\.m2\repository\net\minidev\accessors-smart\2.5.1\accessors-smart-2.5.1.jar;C:\Users\quyen\.m2\repository\org\ow2\asm\asm\9.6\asm-9.6.jar;C:\Users\quyen\.m2\repository\org\assertj\assertj-core\3.24.2\assertj-core-3.24.2.jar;C:\Users\quyen\.m2\repository\net\bytebuddy\byte-buddy\1.14.13\byte-buddy-1.14.13.jar;C:\Users\quyen\.m2\repository\org\awaitility\awaitility\4.2.1\awaitility-4.2.1.jar;C:\Users\quyen\.m2\repository\org\hamcrest\hamcrest\2.2\hamcrest-2.2.jar;C:\Users\quyen\.m2\repository\org\junit\jupiter\junit-jupiter\5.10.2\junit-jupiter-5.10.2.jar;C:\Users\quyen\.m2\repository\org\junit\jupiter\junit-jupiter-api\5.10.2\junit-jupiter-api-5.10.2.jar;C:\Users\quyen\.m2\repository\org\opentest4j\opentest4j\1.3.0\opentest4j-1.3.0.jar;C:\Users\quyen\.m2\repository\org\junit\platform\junit-platform-commons\1.10.2\junit-platform-commons-1.10.2.jar;C:\Users\quyen\.m2\repository\org\apiguardian\apiguardian-api\1.1.2\apiguardian-api-1.1.2.jar;C:\Users\quyen\.m2\repository\org\junit\jupiter\junit-jupiter-params\5.10.2\junit-jupiter-params-5.10.2.jar;C:\Users\quyen\.m2\repository\org\junit\jupiter\junit-jupiter-engine\5.10.2\junit-jupiter-engine-5.10.2.jar;C:\Users\quyen\.m2\repository\org\junit\platform\junit-platform-engine\1.10.2\junit-platform-engine-1.10.2.jar;C:\Users\quyen\.m2\repository\org\mockito\mockito-core\5.7.0\mockito-core-5.7.0.jar;C:\Users\quyen\.m2\repository\net\bytebuddy\byte-buddy-agent\1.14.13\byte-buddy-agent-1.14.13.jar;C:\Users\quyen\.m2\repository\org\objenesis\objenesis\3.3\objenesis-3.3.jar;C:\Users\quyen\.m2\repository\org\mockito\mockito-junit-jupiter\5.7.0\mockito-junit-jupiter-5.7.0.jar;C:\Users\quyen\.m2\repository\org\skyscreamer\jsonassert\1.5.1\jsonassert-1.5.1.jar;C:\Users\quyen\.m2\repository\com\vaadin\external\google\android-json\0.0.20131108.vaadin1\android-json-0.0.20131108.vaadin1.jar;C:\Users\quyen\.m2\repository\org\springframework\spring-core\6.1.6\spring-core-6.1.6.jar;C:\Users\quyen\.m2\repository\org\springframework\spring-jcl\6.1.6\spring-jcl-6.1.6.jar;C:\Users\quyen\.m2\repository\org\springframework\spring-test\6.1.6\spring-test-6.1.6.jar;C:\Users\quyen\.m2\repository\org\xmlunit\xmlunit-core\2.9.1\xmlunit-core-2.9.1.jar;C:\Users\quyen\.m2\repository\org\springframework\security\spring-security-test\6.2.4\spring-security-test-6.2.4.jar;C:\Users\quyen\.m2\repository\org\springframework\security\spring-security-core\6.2.4\spring-security-core-6.2.4.jar;C:\Users\quyen\.m2\repository\org\springframework\security\spring-security-crypto\6.2.4\spring-security-crypto-6.2.4.jar;C:\Users\quyen\.m2\repository\org\springframework\boot\spring-boot-starter-data-jpa\3.2.5\spring-boot-starter-data-jpa-3.2.5.jar;C:\Users\quyen\.m2\repository\org\springframework\boot\spring-boot-starter-aop\3.2.5\spring-boot-starter-aop-3.2.5.jar;C:\Users\quyen\.m2\repository\org\aspectj\aspectjweaver\1.9.22\aspectjweaver-1.9.22.jar;C:\Users\quyen\.m2\repository\org\springframework\boot\spring-boot-starter-jdbc\3.2.5\spring-boot-starter-jdbc-3.2.5.jar;C:\Users\quyen\.m2\repository\com\zaxxer\HikariCP\5.0.1\HikariCP-5.0.1.jar;C:\Users\quyen\.m2\repository\org\springframework\spring-jdbc\6.1.6\spring-jdbc-6.1.6.jar;C:\Users\quyen\.m2\repository\org\hibernate\orm\hibernate-core\6.4.4.Final\hibernate-core-6.4.4.Final.jar;C:\Users\quyen\.m2\repository\jakarta\persistence\jakarta.persistence-api\3.1.0\jakarta.persistence-api-3.1.0.jar;C:\Users\quyen\.m2\repository\jakarta\transaction\jakarta.transaction-api\2.0.1\jakarta.transaction-api-2.0.1.jar;C:\Users\quyen\.m2\repository\org\jboss\logging\jboss-logging\3.5.3.Final\jboss-logging-3.5.3.Final.jar;C:\Users\quyen\.m2\repository\org\hibernate\common\hibernate-commons-annotations\6.0.6.Final\hibernate-commons-annotations-6.0.6.Final.jar;C:\Users\quyen\.m2\repository\io\smallrye\jandex\3.1.2\jandex-3.1.2.jar;C:\Users\quyen\.m2\repository\com\fasterxml\classmate\1.6.0\classmate-1.6.0.jar;C:\Users\quyen\.m2\repository\org\glassfish\jaxb\jaxb-runtime\4.0.5\jaxb-runtime-4.0.5.jar;C:\Users\quyen\.m2\repository\org\glassfish\jaxb\jaxb-core\4.0.5\jaxb-core-4.0.5.jar;C:\Users\quyen\.m2\repository\org\glassfish\jaxb\txw2\4.0.5\txw2-4.0.5.jar;C:\Users\quyen\.m2\repository\com\sun\istack\istack-commons-runtime\4.1.2\istack-commons-runtime-4.1.2.jar;C:\Users\quyen\.m2\repository\jakarta\inject\jakarta.inject-api\2.0.1\jakarta.inject-api-2.0.1.jar;C:\Users\quyen\.m2\repository\org\antlr\antlr4-runtime\4.13.0\antlr4-runtime-4.13.0.jar;C:\Users\quyen\.m2\repository\org\springframework\data\spring-data-jpa\3.2.5\spring-data-jpa-3.2.5.jar;C:\Users\quyen\.m2\repository\org\springframework\data\spring-data-commons\3.2.5\spring-data-commons-3.2.5.jar;C:\Users\quyen\.m2\repository\org\springframework\spring-orm\6.1.6\spring-orm-6.1.6.jar;C:\Users\quyen\.m2\repository\org\springframework\spring-tx\6.1.6\spring-tx-6.1.6.jar;C:\Users\quyen\.m2\repository\org\springframework\spring-aspects\6.1.6\spring-aspects-6.1.6.jar;C:\Users\quyen\.m2\repository\com\mysql\mysql-connector-j\8.4.0\mysql-connector-j-8.4.0.jar;C:\Users\quyen\.m2\repository\jakarta\servlet\jsp\jstl\jakarta.servlet.jsp.jstl-api\3.0.0\jakarta.servlet.jsp.jstl-api-3.0.0.jar;C:\Users\quyen\.m2\repository\jakarta\servlet\jakarta.servlet-api\6.0.0\jakarta.servlet-api-6.0.0.jar;C:\Users\quyen\.m2\repository\jakarta\el\jakarta.el-api\5.0.0\jakarta.el-api-5.0.0.jar;C:\Users\quyen\.m2\repository\org\glassfish\web\jakarta.servlet.jsp.jstl\3.0.1\jakarta.servlet.jsp.jstl-3.0.1.jar;C:\Users\quyen\.m2\repository\org\springframework\boot\spring-boot-starter-mail\3.2.5\spring-boot-starter-mail-3.2.5.jar;C:\Users\quyen\.m2\repository\org\springframework\spring-context-support\6.1.6\spring-context-support-6.1.6.jar;C:\Users\quyen\.m2\repository\org\eclipse\angus\jakarta.mail\2.0.3\jakarta.mail-2.0.3.jar;C:\Users\quyen\.m2\repository\org\eclipse\angus\angus-activation\2.0.2\angus-activation-2.0.2.jar;C:\Users\quyen\.m2\repository\com\squareup\okhttp3\okhttp\5.0.0-alpha.14\okhttp-5.0.0-alpha.14.jar;C:\Users\quyen\.m2\repository\com\squareup\okio\okio-jvm\3.9.0\okio-jvm-3.9.0.jar;C:\Users\quyen\.m2\repository\org\jetbrains\kotlin\kotlin-stdlib\1.9.23\kotlin-stdlib-1.9.23.jar;C:\Users\quyen\.m2\repository\org\jetbrains\annotations\13.0\annotations-13.0.jar;C:\Users\quyen\.m2\repository\com\konghq\unirest-java\3.14.5\unirest-java-3.14.5.jar;C:\Users\quyen\.m2\repository\org\apache\httpcomponents\httpclient\4.5.13\httpclient-4.5.13.jar;C:\Users\quyen\.m2\repository\org\apache\httpcomponents\httpcore\4.4.16\httpcore-4.4.16.jar;C:\Users\quyen\.m2\repository\commons-logging\commons-logging\1.2\commons-logging-1.2.jar;C:\Users\quyen\.m2\repository\org\apache\httpcomponents\httpmime\4.5.13\httpmime-4.5.13.jar;C:\Users\quyen\.m2\repository\org\apache\httpcomponents\httpcore-nio\4.4.16\httpcore-nio-4.4.16.jar;C:\Users\quyen\.m2\repository\org\apache\httpcomponents\httpasyncclient\4.1.5\httpasyncclient-4.1.5.jar;C:\Users\quyen\.m2\repository\commons-codec\commons-codec\1.16.1\commons-codec-1.16.1.jar;C:\Users\quyen\.m2\repository\com\google\code\gson\gson\2.10.1\gson-2.10.1.jar;C:\Users\quyen\.m2\repository\org\springframework\boot\spring-boot-starter-oauth2-client\3.2.5\spring-boot-starter-oauth2-client-3.2.5.jar;C:\Users\quyen\.m2\repository\org\springframework\security\spring-security-oauth2-client\6.2.4\spring-security-oauth2-client-6.2.4.jar;C:\Users\quyen\.m2\repository\org\springframework\security\spring-security-oauth2-core\6.2.4\spring-security-oauth2-core-6.2.4.jar;C:\Users\quyen\.m2\repository\com\nimbusds\oauth2-oidc-sdk\9.43.3\oauth2-oidc-sdk-9.43.3.jar;C:\Users\quyen\.m2\repository\com\github\stephenc\jcip\jcip-annotations\1.0-1\jcip-annotations-1.0-1.jar;C:\Users\quyen\.m2\repository\com\nimbusds\content-type\2.2\content-type-2.2.jar;C:\Users\quyen\.m2\repository\com\nimbusds\lang-tag\1.7\lang-tag-1.7.jar;C:\Users\quyen\.m2\repository\org\springframework\security\spring-security-oauth2-jose\6.2.4\spring-security-oauth2-jose-6.2.4.jar;C:\Users\quyen\.m2\repository\com\nimbusds\nimbus-jose-jwt\9.24.4\nimbus-jose-jwt-9.24.4.jar;C:\Users\quyen\.m2\repository\org\apache\poi\poi-ooxml\5.3.0\poi-ooxml-5.3.0.jar;C:\Users\quyen\.m2\repository\org\apache\poi\poi\5.3.0\poi-5.3.0.jar;C:\Users\quyen\.m2\repository\org\apache\commons\commons-math3\3.6.1\commons-math3-3.6.1.jar;C:\Users\quyen\.m2\repository\com\zaxxer\SparseBitSet\1.3\SparseBitSet-1.3.jar;C:\Users\quyen\.m2\repository\org\apache\poi\poi-ooxml-lite\5.3.0\poi-ooxml-lite-5.3.0.jar;C:\Users\quyen\.m2\repository\org\apache\xmlbeans\xmlbeans\5.2.1\xmlbeans-5.2.1.jar;C:\Users\quyen\.m2\repository\org\apache\commons\commons-compress\1.26.2\commons-compress-1.26.2.jar;C:\Users\quyen\.m2\repository\org\apache\commons\commons-lang3\3.13.0\commons-lang3-3.13.0.jar;C:\Users\quyen\.m2\repository\commons-io\commons-io\2.16.1\commons-io-2.16.1.jar;C:\Users\quyen\.m2\repository\com\github\virtuald\curvesapi\1.08\curvesapi-1.08.jar;C:\Users\quyen\.m2\repository\org\apache\logging\log4j\log4j-api\2.21.1\log4j-api-2.21.1.jar;C:\Users\quyen\.m2\repository\org\apache\commons\commons-collections4\4.4\commons-collections4-4.4.jar;"/>
    <property name="sun.cpu.endian" value="little"/>
    <property name="user.home" value="C:\Users\quyen"/>
    <property name="user.language" value="en"/>
    <property name="java.specification.vendor" value="Oracle Corporation"/>
    <property name="java.version.date" value="2023-10-17"/>
    <property name="java.home" value="C:\Program Files\Java\jdk-17"/>
    <property name="file.separator" value="\"/>
    <property name="basedir" value="D:\Appota Apply\se1816-g4\Knowledge Revising System"/>
    <property name="java.vm.compressedOopsMode" value="Zero based"/>
    <property name="line.separator" value="&#10;"/>
    <property name="java.vm.specification.vendor" value="Oracle Corporation"/>
    <property name="java.specification.name" value="Java Platform API Specification"/>
    <property name="FILE_LOG_CHARSET" value="windows-1252"/>
    <property name="java.awt.headless" value="true"/>
    <property name="surefire.real.class.path" value="C:\Users\quyen\AppData\Local\Temp\surefire15407971525971039626\surefirebooter-20240727145320214_3.jar"/>
    <property name="user.script" value=""/>
    <property name="sun.management.compiler" value="HotSpot 64-Bit Tiered Compilers"/>
    <property name="java.runtime.version" value="17.0.9+11-LTS-201"/>
    <property name="user.name" value="quyen"/>
    <property name="path.separator" value=";"/>
    <property name="os.version" value="10.0"/>
    <property name="java.runtime.name" value="Java(TM) SE Runtime Environment"/>
    <property name="file.encoding" value="Cp1252"/>
    <property name="java.vm.name" value="Java HotSpot(TM) 64-Bit Server VM"/>
    <property name="localRepository" value="C:\Users\quyen\.m2\repository"/>
    <property name="java.vendor.url.bug" value="https://bugreport.java.com/bugreport/"/>
    <property name="java.io.tmpdir" value="C:\Users\quyen\AppData\Local\Temp\"/>
    <property name="idea.version" value="2024.1.3"/>
    <property name="com.zaxxer.hikari.pool_number" value="1"/>
    <property name="java.version" value="17.0.9"/>
    <property name="user.dir" value="D:\Appota Apply\se1816-g4\Knowledge Revising System"/>
    <property name="os.arch" value="amd64"/>
    <property name="java.vm.specification.name" value="Java Virtual Machine Specification"/>
    <property name="PID" value="16704"/>
    <property name="sun.os.patch.level" value=""/>
    <property name="CONSOLE_LOG_CHARSET" value="windows-1252"/>
    <property name="native.encoding" value="Cp1252"/>
    <property name="java.library.path" value="C:\Program Files\Java\jdk-17\bin;C:\WINDOWS\Sun\Java\bin;C:\WINDOWS\system32;C:\WINDOWS;C:\Program Files\Common Files\Oracle\Java\javapath;C:\Program Files (x86)\Common Files\Oracle\Java\java8path;C:\Program Files (x86)\Common Files\Oracle\Java\javapath;C:\Program Files (x86)\Common Files\Intel\Shared Libraries\redist\intel64\compiler;C:\Windows\system32;C:\Windows;C:\Windows\System32\Wbem;C:\Windows\System32\WindowsPowerShell\v1.0\;C:\Windows\System32\OpenSSH\;C:\Program Files (x86)\NVIDIA Corporation\PhysX\Common;C:\Program Files\NVIDIA Corporation\NVIDIA NvDLISR;C:\Program Files\dotnet\;C:\WINDOWS\system32;C:\WINDOWS;C:\WINDOWS\System32\Wbem;C:\WINDOWS\System32\WindowsPowerShell\v1.0\;C:\WINDOWS\System32\OpenSSH\;C:\Program Files (x86)\Microsoft SQL Server\160\Tools\Binn\;C:\Program Files\Microsoft SQL Server\160\Tools\Binn\;C:\Program Files\Microsoft SQL Server\Client SDK\ODBC\170\Tools\Binn\;C:\Program Files\Microsoft SQL Server\160\DTS\Binn\;C:\Program Files (x86)\Microsoft SQL Server\160\DTS\Binn\;C:\Program Files\Azure Data Studio\bin;C:\xampp\php;C:\composer;C:\Program Files\Microsoft SQL Server\150\Tools\Binn\;C:\Program Files\Git\cmd;C:\Program Files\nodejs\;C:\Program Files\PuTTY\;C:\Program Files\Docker\Docker\resources\bin;C:\Program Files\PowerShell\7\;C:\Users\quyen\AppData\Local\Programs\Python\Python312\Scripts\;C:\Users\quyen\AppData\Local\Programs\Python\Python312\;C:\Program Files\MySQL\MySQL Shell 8.0\bin\;C:\msys64\ucrt64\bin;C:\msys64\mingw64\bin;C:\Users\quyen\AppData\Local\Microsoft\WindowsApps;C:\Users\quyen\AppData\Local\Programs\Microsoft VS Code\bin;C:\Users\quyen\AppData\Local\GitHubDesktop\bin;C:\Program Files\JetBrains\PyCharm Community Edition 2023.1\bin;;C:\Program Files\Azure Data Studio\bin;C:\Users\quyen\.dotnet\tools;C:\Users\quyen\AppData\Roaming\Composer\vendor\bin;C:\xampp\php;Q:\Program Files\IntelliJ IDEA 2024.1.2\bin;;C:\Gradle\gradle-8.7\bin;C:\Maven\apache-maven-3.9.6\bin;;C:\Program Files\JetBrains\PyCharm 2024.1.1\bin;;C:\Users\quyen\AppData\Roaming\npm;."/>
    <property name="java.vm.info" value="mixed mode, sharing"/>
    <property name="java.vendor" value="Oracle Corporation"/>
    <property name="java.vm.version" value="17.0.9+11-LTS-201"/>
    <property name="sun.io.unicode.encoding" value="UnicodeLittle"/>
    <property name="java.class.version" value="61.0"/>
    <property name="LOGGED_APPLICATION_NAME" value="[Knowledge Revising System] "/>
  </properties>
  <testcase name="contextLoads" classname="com.krs.knowledgerevisingsystem.KnowledgeRevisingSystemApplicationTests" time="0.76">
    <system-out><![CDATA[14:53:21.814 [main] INFO org.springframework.test.context.support.AnnotationConfigContextLoaderUtils -- Could not detect default configuration classes for test class [com.krs.knowledgerevisingsystem.KnowledgeRevisingSystemApplicationTests]: KnowledgeRevisingSystemApplicationTests does not declare any static, non-private, non-final, nested classes annotated with @Configuration.
14:53:22.020 [main] INFO org.springframework.boot.test.context.SpringBootTestContextBootstrapper -- Found @SpringBootConfiguration com.krs.knowledgerevisingsystem.KnowledgeRevisingSystemApplication for test class com.krs.knowledgerevisingsystem.KnowledgeRevisingSystemApplicationTests

  .   ____          _            __ _ _
 /\\ / ___'_ __ _ _(_)_ __  __ _ \ \ \ \
( ( )\___ | '_ | '_| | '_ \/ _` | \ \ \ \
 \\/  ___)| |_)| | | | | || (_| |  ) ) ) )
  '  |____| .__|_| |_|_| |_\__, | / / / /
 =========|_|==============|___/=/_/_/_/
 :: Spring Boot ::                (v3.2.5)

2024-07-27T14:53:22.784+07:00  INFO 16704 --- [Knowledge Revising System] [           main] .KnowledgeRevisingSystemApplicationTests : Starting KnowledgeRevisingSystemApplicationTests using Java 17.0.9 with PID 16704 (started by quyen in D:\Appota Apply\se1816-g4\Knowledge Revising System)
2024-07-27T14:53:22.786+07:00  INFO 16704 --- [Knowledge Revising System] [           main] .KnowledgeRevisingSystemApplicationTests : No active profile set, falling back to 1 default profile: "default"
2024-07-27T14:53:23.897+07:00  INFO 16704 --- [Knowledge Revising System] [           main] .s.d.r.c.RepositoryConfigurationDelegate : Bootstrapping Spring Data JPA repositories in DEFAULT mode.
2024-07-27T14:53:24.047+07:00  INFO 16704 --- [Knowledge Revising System] [           main] .s.d.r.c.RepositoryConfigurationDelegate : Finished Spring Data repository scanning in 138 ms. Found 19 JPA repository interfaces.
2024-07-27T14:53:24.765+07:00  INFO 16704 --- [Knowledge Revising System] [           main] o.hibernate.jpa.internal.util.LogHelper  : HHH000204: Processing PersistenceUnitInfo [name: default]
2024-07-27T14:53:24.818+07:00  INFO 16704 --- [Knowledge Revising System] [           main] org.hibernate.Version                    : HHH000412: Hibernate ORM core version 6.4.4.Final
2024-07-27T14:53:24.849+07:00  INFO 16704 --- [Knowledge Revising System] [           main] o.h.c.internal.RegionFactoryInitiator    : HHH000026: Second-level cache disabled
2024-07-27T14:53:25.198+07:00  INFO 16704 --- [Knowledge Revising System] [           main] o.s.o.j.p.SpringPersistenceUnitInfo      : No LoadTimeWeaver setup: ignoring JPA class transformer
2024-07-27T14:53:25.273+07:00  INFO 16704 --- [Knowledge Revising System] [           main] com.zaxxer.hikari.HikariDataSource       : HikariPool-1 - Starting...
2024-07-27T14:53:25.494+07:00  INFO 16704 --- [Knowledge Revising System] [           main] com.zaxxer.hikari.pool.HikariPool        : HikariPool-1 - Added connection com.mysql.cj.jdbc.ConnectionImpl@6be766d1
2024-07-27T14:53:25.498+07:00  INFO 16704 --- [Knowledge Revising System] [           main] com.zaxxer.hikari.HikariDataSource       : HikariPool-1 - Start completed.
2024-07-27T14:53:25.579+07:00  WARN 16704 --- [Knowledge Revising System] [           main] org.hibernate.dialect.Dialect            : HHH000511: The 5.5.0 version for [org.hibernate.dialect.MySQLDialect] is no longer supported, hence certain features may not work properly. The minimum supported version is 8.0.0. Check the community dialects project for available legacy versions.
2024-07-27T14:53:27.028+07:00  INFO 16704 --- [Knowledge Revising System] [           main] o.h.e.t.j.p.i.JtaPlatformInitiator       : HHH000489: No JTA platform available (set 'hibernate.transaction.jta.platform' to enable JTA platform integration)
2024-07-27T14:53:27.389+07:00  INFO 16704 --- [Knowledge Revising System] [           main] j.LocalContainerEntityManagerFactoryBean : Initialized JPA EntityManagerFactory for persistence unit 'default'
2024-07-27T14:53:28.009+07:00  INFO 16704 --- [Knowledge Revising System] [           main] o.s.d.j.r.query.QueryEnhancerFactory     : Hibernate is in classpath; If applicable, HQL parser will be used.
2024-07-27T14:53:30.024+07:00  WARN 16704 --- [Knowledge Revising System] [           main] JpaBaseConfiguration$JpaWebConfiguration : spring.jpa.open-in-view is enabled by default. Therefore, database queries may be performed during view rendering. Explicitly configure spring.jpa.open-in-view to disable this warning
2024-07-27T14:53:30.545+07:00  INFO 16704 --- [Knowledge Revising System] [           main] o.s.s.web.DefaultSecurityFilterChain     : Will secure any request with [org.springframework.security.web.session.DisableEncodeUrlFilter@30cbba6b, org.springframework.security.web.context.request.async.WebAsyncManagerIntegrationFilter@1fe1d0a5, org.springframework.security.web.context.SecurityContextHolderFilter@737e8e66, org.springframework.security.web.header.HeaderWriterFilter@1d8f923f, org.springframework.web.filter.CorsFilter@7c4a0245, org.springframework.security.web.authentication.logout.LogoutFilter@22e494dc, org.springframework.security.oauth2.client.web.OAuth2AuthorizationRequestRedirectFilter@1d229476, org.springframework.security.oauth2.client.web.OAuth2LoginAuthenticationFilter@6f4809ae, org.springframework.security.web.authentication.UsernamePasswordAuthenticationFilter@66c0a115, org.springframework.security.web.session.ConcurrentSessionFilter@6dfd4db2, org.springframework.security.web.savedrequest.RequestCacheAwareFilter@620b0fad, org.springframework.security.web.servletapi.SecurityContextHolderAwareRequestFilter@5f8b60f3, org.springframework.security.web.authentication.AnonymousAuthenticationFilter@14decb0a, org.springframework.security.web.session.SessionManagementFilter@57fcc568, org.springframework.security.web.access.ExceptionTranslationFilter@70ecb7f6, org.springframework.security.web.access.intercept.AuthorizationFilter@46416974]
2024-07-27T14:53:30.891+07:00  INFO 16704 --- [Knowledge Revising System] [           main] .KnowledgeRevisingSystemApplicationTests : Started KnowledgeRevisingSystemApplicationTests in 8.571 seconds (process running for 10.495)
2024-07-27T14:53:31.044+07:00 DEBUG 16704 --- [Knowledge Revising System] [   scheduling-1] org.hibernate.SQL                        : update user_code set code=null where time<?
2024-07-27T14:53:31.098+07:00 DEBUG 16704 --- [Knowledge Revising System] [   scheduling-1] org.hibernate.SQL                        : select a1_0.attempt_id,a1_0.attempt_date,a1_0.exam_id,a1_0.mark,a1_0.status,a1_0.user_id from attempt a1_0
2024-07-27T14:53:31.098+07:00 DEBUG 16704 --- [Knowledge Revising System] [           main] org.hibernate.SQL                        : select r1_0.role_id,r1_0.description,r1_0.role_name,r1_0.priority,r1_0.speciality,r1_0.status from role r1_0 where r1_0.role_name=?
2024-07-27T14:53:31.129+07:00 DEBUG 16704 --- [Knowledge Revising System] [   scheduling-1] org.hibernate.SQL                        : select e1_0.exam_id,c1_0.course_id,c1_0.course_name,c1_0.description,c1_0.role_id,c1_0.status,s1_0.subject_id,s1_0.code,s1_0.description,s1_0.name,s1_0.speciality,s1_0.status,t1_0.user_id,t1_0.access_token,t1_0.avatar,t1_0.email,t1_0.full_name,t1_0.note,t1_0.password,t1_0.role_id,t1_0.status,c2_0.user_id,c2_0.access_token,c2_0.avatar,c2_0.email,c2_0.full_name,c2_0.note,c2_0.password,r4_0.role_id,r4_0.description,r4_0.role_name,r4_0.priority,r4_0.speciality,r4_0.status,c2_0.status,uc1_0.user_id,uc1_0.code,uc1_0.time,e1_0.description,e1_0.length,e1_0.name,e1_0.number_of_questions,e1_0.status,s2_0.subject_id,s2_0.code,s2_0.description,s2_0.name,s2_0.speciality,s2_0.status from exams e1_0 left join course c1_0 on c1_0.course_id=e1_0.course_id left join subjects s1_0 on s1_0.subject_id=c1_0.subject_id left join users t1_0 on t1_0.user_id=c1_0.teacher_id left join users c2_0 on c2_0.user_id=e1_0.creator_id left join role r4_0 on r4_0.role_id=c2_0.role_id left join user_code uc1_0 on c2_0.user_id=uc1_0.user_id left join subjects s2_0 on s2_0.subject_id=e1_0.subject_id where e1_0.exam_id=?
2024-07-27T14:53:31.135+07:00 DEBUG 16704 --- [Knowledge Revising System] [           main] org.hibernate.SQL                        : select r1_0.role_id,r1_0.description,r1_0.role_name,r1_0.priority,r1_0.speciality,r1_0.status from role r1_0 where r1_0.role_name=?
2024-07-27T14:53:31.139+07:00 DEBUG 16704 --- [Knowledge Revising System] [           main] org.hibernate.SQL                        : select r1_0.role_id,r1_0.description,r1_0.role_name,r1_0.priority,r1_0.speciality,r1_0.status from role r1_0 where r1_0.role_name=?
2024-07-27T14:53:31.143+07:00 DEBUG 16704 --- [Knowledge Revising System] [           main] org.hibernate.SQL                        : select r1_0.role_id,r1_0.description,r1_0.role_name,r1_0.priority,r1_0.speciality,r1_0.status from role r1_0 where r1_0.role_name=?
2024-07-27T14:53:31.153+07:00 DEBUG 16704 --- [Knowledge Revising System] [   scheduling-1] org.hibernate.SQL                        : select e1_0.exam_id,c1_0.course_id,c1_0.course_name,c1_0.description,c1_0.role_id,c1_0.status,s1_0.subject_id,s1_0.code,s1_0.description,s1_0.name,s1_0.speciality,s1_0.status,t1_0.user_id,t1_0.access_token,t1_0.avatar,t1_0.email,t1_0.full_name,t1_0.note,t1_0.password,t1_0.role_id,t1_0.status,c2_0.user_id,c2_0.access_token,c2_0.avatar,c2_0.email,c2_0.full_name,c2_0.note,c2_0.password,r4_0.role_id,r4_0.description,r4_0.role_name,r4_0.priority,r4_0.speciality,r4_0.status,c2_0.status,uc1_0.user_id,uc1_0.code,uc1_0.time,e1_0.description,e1_0.length,e1_0.name,e1_0.number_of_questions,e1_0.status,s2_0.subject_id,s2_0.code,s2_0.description,s2_0.name,s2_0.speciality,s2_0.status from exams e1_0 left join course c1_0 on c1_0.course_id=e1_0.course_id left join subjects s1_0 on s1_0.subject_id=c1_0.subject_id left join users t1_0 on t1_0.user_id=c1_0.teacher_id left join users c2_0 on c2_0.user_id=e1_0.creator_id left join role r4_0 on r4_0.role_id=c2_0.role_id left join user_code uc1_0 on c2_0.user_id=uc1_0.user_id left join subjects s2_0 on s2_0.subject_id=e1_0.subject_id where e1_0.exam_id=?
2024-07-27T14:53:31.157+07:00 DEBUG 16704 --- [Knowledge Revising System] [   scheduling-1] org.hibernate.SQL                        : select e1_0.exam_id,c1_0.course_id,c1_0.course_name,c1_0.description,c1_0.role_id,c1_0.status,s1_0.subject_id,s1_0.code,s1_0.description,s1_0.name,s1_0.speciality,s1_0.status,t1_0.user_id,t1_0.access_token,t1_0.avatar,t1_0.email,t1_0.full_name,t1_0.note,t1_0.password,t1_0.role_id,t1_0.status,c2_0.user_id,c2_0.access_token,c2_0.avatar,c2_0.email,c2_0.full_name,c2_0.note,c2_0.password,r4_0.role_id,r4_0.description,r4_0.role_name,r4_0.priority,r4_0.speciality,r4_0.status,c2_0.status,uc1_0.user_id,uc1_0.code,uc1_0.time,e1_0.description,e1_0.length,e1_0.name,e1_0.number_of_questions,e1_0.status,s2_0.subject_id,s2_0.code,s2_0.description,s2_0.name,s2_0.speciality,s2_0.status from exams e1_0 left join course c1_0 on c1_0.course_id=e1_0.course_id left join subjects s1_0 on s1_0.subject_id=c1_0.subject_id left join users t1_0 on t1_0.user_id=c1_0.teacher_id left join users c2_0 on c2_0.user_id=e1_0.creator_id left join role r4_0 on r4_0.role_id=c2_0.role_id left join user_code uc1_0 on c2_0.user_id=uc1_0.user_id left join subjects s2_0 on s2_0.subject_id=e1_0.subject_id where e1_0.exam_id=?
2024-07-27T14:53:31.160+07:00 DEBUG 16704 --- [Knowledge Revising System] [   scheduling-1] org.hibernate.SQL                        : select uc1_0.user_id,uc1_0.code,uc1_0.time,u1_0.user_id,u1_0.access_token,u1_0.avatar,u1_0.email,u1_0.full_name,u1_0.note,u1_0.password,r1_0.role_id,r1_0.description,r1_0.role_name,r1_0.priority,r1_0.speciality,r1_0.status,u1_0.status from user_code uc1_0 join users u1_0 on u1_0.user_id=uc1_0.user_id left join role r1_0 on r1_0.role_id=u1_0.role_id where uc1_0.user_id=?
2024-07-27T14:53:31.162+07:00 DEBUG 16704 --- [Knowledge Revising System] [   scheduling-1] org.hibernate.SQL                        : select u1_0.user_id,u1_0.access_token,u1_0.avatar,u1_0.email,u1_0.full_name,u1_0.note,u1_0.password,r1_0.role_id,r1_0.description,r1_0.role_name,r1_0.priority,r1_0.speciality,r1_0.status,u1_0.status,uc1_0.user_id,uc1_0.code,uc1_0.time from users u1_0 left join role r1_0 on r1_0.role_id=u1_0.role_id left join user_code uc1_0 on u1_0.user_id=uc1_0.user_id where u1_0.user_id=?
2024-07-27T14:53:31.165+07:00 DEBUG 16704 --- [Knowledge Revising System] [   scheduling-1] org.hibernate.SQL                        : select e1_0.exam_id,c1_0.course_id,c1_0.course_name,c1_0.description,c1_0.role_id,c1_0.status,s1_0.subject_id,s1_0.code,s1_0.description,s1_0.name,s1_0.speciality,s1_0.status,t1_0.user_id,t1_0.access_token,t1_0.avatar,t1_0.email,t1_0.full_name,t1_0.note,t1_0.password,t1_0.role_id,t1_0.status,c2_0.user_id,c2_0.access_token,c2_0.avatar,c2_0.email,c2_0.full_name,c2_0.note,c2_0.password,r4_0.role_id,r4_0.description,r4_0.role_name,r4_0.priority,r4_0.speciality,r4_0.status,c2_0.status,uc1_0.user_id,uc1_0.code,uc1_0.time,e1_0.description,e1_0.length,e1_0.name,e1_0.number_of_questions,e1_0.status,s2_0.subject_id,s2_0.code,s2_0.description,s2_0.name,s2_0.speciality,s2_0.status from exams e1_0 left join course c1_0 on c1_0.course_id=e1_0.course_id left join subjects s1_0 on s1_0.subject_id=c1_0.subject_id left join users t1_0 on t1_0.user_id=c1_0.teacher_id left join users c2_0 on c2_0.user_id=e1_0.creator_id left join role r4_0 on r4_0.role_id=c2_0.role_id left join user_code uc1_0 on c2_0.user_id=uc1_0.user_id left join subjects s2_0 on s2_0.subject_id=e1_0.subject_id where e1_0.exam_id=?
2024-07-27T14:53:31.170+07:00 DEBUG 16704 --- [Knowledge Revising System] [   scheduling-1] org.hibernate.SQL                        : select e1_0.exam_id,c1_0.course_id,c1_0.course_name,c1_0.description,c1_0.role_id,c1_0.status,s1_0.subject_id,s1_0.code,s1_0.description,s1_0.name,s1_0.speciality,s1_0.status,t1_0.user_id,t1_0.access_token,t1_0.avatar,t1_0.email,t1_0.full_name,t1_0.note,t1_0.password,t1_0.role_id,t1_0.status,c2_0.user_id,c2_0.access_token,c2_0.avatar,c2_0.email,c2_0.full_name,c2_0.note,c2_0.password,r4_0.role_id,r4_0.description,r4_0.role_name,r4_0.priority,r4_0.speciality,r4_0.status,c2_0.status,uc1_0.user_id,uc1_0.code,uc1_0.time,e1_0.description,e1_0.length,e1_0.name,e1_0.number_of_questions,e1_0.status,s2_0.subject_id,s2_0.code,s2_0.description,s2_0.name,s2_0.speciality,s2_0.status from exams e1_0 left join course c1_0 on c1_0.course_id=e1_0.course_id left join subjects s1_0 on s1_0.subject_id=c1_0.subject_id left join users t1_0 on t1_0.user_id=c1_0.teacher_id left join users c2_0 on c2_0.user_id=e1_0.creator_id left join role r4_0 on r4_0.role_id=c2_0.role_id left join user_code uc1_0 on c2_0.user_id=uc1_0.user_id left join subjects s2_0 on s2_0.subject_id=e1_0.subject_id where e1_0.exam_id=?
2024-07-27T14:53:31.173+07:00 DEBUG 16704 --- [Knowledge Revising System] [   scheduling-1] org.hibernate.SQL                        : select e1_0.exam_id,c1_0.course_id,c1_0.course_name,c1_0.description,c1_0.role_id,c1_0.status,s1_0.subject_id,s1_0.code,s1_0.description,s1_0.name,s1_0.speciality,s1_0.status,t1_0.user_id,t1_0.access_token,t1_0.avatar,t1_0.email,t1_0.full_name,t1_0.note,t1_0.password,t1_0.role_id,t1_0.status,c2_0.user_id,c2_0.access_token,c2_0.avatar,c2_0.email,c2_0.full_name,c2_0.note,c2_0.password,r4_0.role_id,r4_0.description,r4_0.role_name,r4_0.priority,r4_0.speciality,r4_0.status,c2_0.status,uc1_0.user_id,uc1_0.code,uc1_0.time,e1_0.description,e1_0.length,e1_0.name,e1_0.number_of_questions,e1_0.status,s2_0.subject_id,s2_0.code,s2_0.description,s2_0.name,s2_0.speciality,s2_0.status from exams e1_0 left join course c1_0 on c1_0.course_id=e1_0.course_id left join subjects s1_0 on s1_0.subject_id=c1_0.subject_id left join users t1_0 on t1_0.user_id=c1_0.teacher_id left join users c2_0 on c2_0.user_id=e1_0.creator_id left join role r4_0 on r4_0.role_id=c2_0.role_id left join user_code uc1_0 on c2_0.user_id=uc1_0.user_id left join subjects s2_0 on s2_0.subject_id=e1_0.subject_id where e1_0.exam_id=?
2024-07-27T14:53:31.218+07:00 DEBUG 16704 --- [Knowledge Revising System] [   scheduling-1] org.hibernate.SQL                        : select a1_0.attempt_id,a1_0.attempt_date,e1_0.exam_id,c1_0.course_id,c1_0.course_name,c1_0.description,c1_0.role_id,c1_0.status,c1_0.subject_id,c1_0.teacher_id,c2_0.user_id,c2_0.access_token,c2_0.avatar,c2_0.email,c2_0.full_name,c2_0.note,c2_0.password,c2_0.role_id,c2_0.status,e1_0.description,e1_0.length,e1_0.name,e1_0.number_of_questions,e1_0.status,s2_0.subject_id,s2_0.code,s2_0.description,s2_0.name,s2_0.speciality,s2_0.status,le1_0.exam_id,le1_0.leson_exam_id,le1_0.lesson_id,le1_0.number_of_questions,a1_0.mark,a1_0.status,u1_0.user_id,u1_0.access_token,u1_0.avatar,u1_0.email,u1_0.full_name,u1_0.note,u1_0.password,r4_0.role_id,r4_0.description,r4_0.role_name,r4_0.priority,r4_0.speciality,r4_0.status,u1_0.status,uc1_0.user_id,uc1_0.code,uc1_0.time from attempt a1_0 left join exams e1_0 on e1_0.exam_id=a1_0.exam_id left join course c1_0 on c1_0.course_id=e1_0.course_id left join users c2_0 on c2_0.user_id=e1_0.creator_id left join subjects s2_0 on s2_0.subject_id=e1_0.subject_id left join lesson_exam le1_0 on e1_0.exam_id=le1_0.exam_id left join users u1_0 on u1_0.user_id=a1_0.user_id left join role r4_0 on r4_0.role_id=u1_0.role_id left join user_code uc1_0 on u1_0.user_id=uc1_0.user_id where a1_0.attempt_id=?
2024-07-27T14:53:31.224+07:00 DEBUG 16704 --- [Knowledge Revising System] [   scheduling-1] org.hibernate.SQL                        : select uc1_0.user_id,uc1_0.code,uc1_0.time,u1_0.user_id,u1_0.access_token,u1_0.avatar,u1_0.email,u1_0.full_name,u1_0.note,u1_0.password,r1_0.role_id,r1_0.description,r1_0.role_name,r1_0.priority,r1_0.speciality,r1_0.status,u1_0.status from user_code uc1_0 join users u1_0 on u1_0.user_id=uc1_0.user_id left join role r1_0 on r1_0.role_id=u1_0.role_id where uc1_0.user_id=?
2024-07-27T14:53:31.228+07:00 DEBUG 16704 --- [Knowledge Revising System] [   scheduling-1] org.hibernate.SQL                        : select l1_0.lesson_id,l1_0.description,l1_0.title,l1_0.priority,l1_0.status,l1_0.subject_id,s1_0.subject_id,s1_0.code,s1_0.description,s1_0.name,s1_0.speciality,s1_0.status,le1_0.lesson_id,le1_0.leson_exam_id,le1_0.exam_id,e1_0.exam_id,e1_0.course_id,e1_0.creator_id,e1_0.description,e1_0.length,e1_0.name,e1_0.number_of_questions,e1_0.status,e1_0.subject_id,le1_0.number_of_questions from lessons l1_0 join subjects s1_0 on s1_0.subject_id=l1_0.subject_id left join lesson_exam le1_0 on l1_0.lesson_id=le1_0.lesson_id left join exams e1_0 on e1_0.exam_id=le1_0.exam_id where l1_0.lesson_id=?
2024-07-27T14:53:31.232+07:00 DEBUG 16704 --- [Knowledge Revising System] [   scheduling-1] org.hibernate.SQL                        : select c1_0.course_id,c1_0.course_name,c1_0.description,c1_0.role_id,c1_0.status,s1_0.subject_id,s1_0.code,s1_0.description,s1_0.name,s1_0.speciality,s1_0.status,t1_0.user_id,t1_0.access_token,t1_0.avatar,t1_0.email,t1_0.full_name,t1_0.note,t1_0.password,r3_0.role_id,r3_0.description,r3_0.role_name,r3_0.priority,r3_0.speciality,r3_0.status,t1_0.status,uc1_0.user_id,uc1_0.code,uc1_0.time from course c1_0 left join subjects s1_0 on s1_0.subject_id=c1_0.subject_id left join users t1_0 on t1_0.user_id=c1_0.teacher_id left join role r3_0 on r3_0.role_id=t1_0.role_id left join user_code uc1_0 on t1_0.user_id=uc1_0.user_id where c1_0.course_id=?
2024-07-27T14:53:31.237+07:00 DEBUG 16704 --- [Knowledge Revising System] [   scheduling-1] org.hibernate.SQL                        : select l1_0.lesson_id,l1_0.description,l1_0.title,l1_0.priority,l1_0.status,l1_0.subject_id,s1_0.subject_id,s1_0.code,s1_0.description,s1_0.name,s1_0.speciality,s1_0.status,le1_0.lesson_id,le1_0.leson_exam_id,le1_0.exam_id,e1_0.exam_id,e1_0.course_id,e1_0.creator_id,e1_0.description,e1_0.length,e1_0.name,e1_0.number_of_questions,e1_0.status,e1_0.subject_id,le1_0.number_of_questions from lessons l1_0 join subjects s1_0 on s1_0.subject_id=l1_0.subject_id left join lesson_exam le1_0 on l1_0.lesson_id=le1_0.lesson_id left join exams e1_0 on e1_0.exam_id=le1_0.exam_id where l1_0.lesson_id=?
2024-07-27T14:53:31.241+07:00 DEBUG 16704 --- [Knowledge Revising System] [   scheduling-1] org.hibernate.SQL                        : select l1_0.lesson_id,l1_0.description,l1_0.title,l1_0.priority,l1_0.status,l1_0.subject_id,s1_0.subject_id,s1_0.code,s1_0.description,s1_0.name,s1_0.speciality,s1_0.status,le1_0.lesson_id,le1_0.leson_exam_id,le1_0.exam_id,e1_0.exam_id,e1_0.course_id,e1_0.creator_id,e1_0.description,e1_0.length,e1_0.name,e1_0.number_of_questions,e1_0.status,e1_0.subject_id,le1_0.number_of_questions from lessons l1_0 join subjects s1_0 on s1_0.subject_id=l1_0.subject_id left join lesson_exam le1_0 on l1_0.lesson_id=le1_0.lesson_id left join exams e1_0 on e1_0.exam_id=le1_0.exam_id where l1_0.lesson_id=?
2024-07-27T14:53:31.245+07:00 DEBUG 16704 --- [Knowledge Revising System] [   scheduling-1] org.hibernate.SQL                        : select l1_0.lesson_id,l1_0.description,l1_0.title,l1_0.priority,l1_0.status,l1_0.subject_id,s1_0.subject_id,s1_0.code,s1_0.description,s1_0.name,s1_0.speciality,s1_0.status,le1_0.lesson_id,le1_0.leson_exam_id,le1_0.exam_id,e1_0.exam_id,e1_0.course_id,e1_0.creator_id,e1_0.description,e1_0.length,e1_0.name,e1_0.number_of_questions,e1_0.status,e1_0.subject_id,le1_0.number_of_questions from lessons l1_0 join subjects s1_0 on s1_0.subject_id=l1_0.subject_id left join lesson_exam le1_0 on l1_0.lesson_id=le1_0.lesson_id left join exams e1_0 on e1_0.exam_id=le1_0.exam_id where l1_0.lesson_id=?
2024-07-27T14:53:31.248+07:00 DEBUG 16704 --- [Knowledge Revising System] [   scheduling-1] org.hibernate.SQL                        : select l1_0.lesson_id,l1_0.description,l1_0.title,l1_0.priority,l1_0.status,l1_0.subject_id,s1_0.subject_id,s1_0.code,s1_0.description,s1_0.name,s1_0.speciality,s1_0.status,le1_0.lesson_id,le1_0.leson_exam_id,le1_0.exam_id,e1_0.exam_id,e1_0.course_id,e1_0.creator_id,e1_0.description,e1_0.length,e1_0.name,e1_0.number_of_questions,e1_0.status,e1_0.subject_id,le1_0.number_of_questions from lessons l1_0 join subjects s1_0 on s1_0.subject_id=l1_0.subject_id left join lesson_exam le1_0 on l1_0.lesson_id=le1_0.lesson_id left join exams e1_0 on e1_0.exam_id=le1_0.exam_id where l1_0.lesson_id=?
2024-07-27T14:53:31.251+07:00 DEBUG 16704 --- [Knowledge Revising System] [   scheduling-1] org.hibernate.SQL                        : select l1_0.lesson_id,l1_0.description,l1_0.title,l1_0.priority,l1_0.status,l1_0.subject_id,s1_0.subject_id,s1_0.code,s1_0.description,s1_0.name,s1_0.speciality,s1_0.status,le1_0.lesson_id,le1_0.leson_exam_id,le1_0.exam_id,e1_0.exam_id,e1_0.course_id,e1_0.creator_id,e1_0.description,e1_0.length,e1_0.name,e1_0.number_of_questions,e1_0.status,e1_0.subject_id,le1_0.number_of_questions from lessons l1_0 join subjects s1_0 on s1_0.subject_id=l1_0.subject_id left join lesson_exam le1_0 on l1_0.lesson_id=le1_0.lesson_id left join exams e1_0 on e1_0.exam_id=le1_0.exam_id where l1_0.lesson_id=?
2024-07-27T14:53:31.255+07:00 DEBUG 16704 --- [Knowledge Revising System] [   scheduling-1] org.hibernate.SQL                        : select l1_0.lesson_id,l1_0.description,l1_0.title,l1_0.priority,l1_0.status,l1_0.subject_id,s1_0.subject_id,s1_0.code,s1_0.description,s1_0.name,s1_0.speciality,s1_0.status,le1_0.lesson_id,le1_0.leson_exam_id,le1_0.exam_id,e1_0.exam_id,e1_0.course_id,e1_0.creator_id,e1_0.description,e1_0.length,e1_0.name,e1_0.number_of_questions,e1_0.status,e1_0.subject_id,le1_0.number_of_questions from lessons l1_0 join subjects s1_0 on s1_0.subject_id=l1_0.subject_id left join lesson_exam le1_0 on l1_0.lesson_id=le1_0.lesson_id left join exams e1_0 on e1_0.exam_id=le1_0.exam_id where l1_0.lesson_id=?
2024-07-27T14:53:31.259+07:00 DEBUG 16704 --- [Knowledge Revising System] [   scheduling-1] org.hibernate.SQL                        : select l1_0.lesson_id,l1_0.description,l1_0.title,l1_0.priority,l1_0.status,l1_0.subject_id,s1_0.subject_id,s1_0.code,s1_0.description,s1_0.name,s1_0.speciality,s1_0.status,le1_0.lesson_id,le1_0.leson_exam_id,le1_0.exam_id,e1_0.exam_id,e1_0.course_id,e1_0.creator_id,e1_0.description,e1_0.length,e1_0.name,e1_0.number_of_questions,e1_0.status,e1_0.subject_id,le1_0.number_of_questions from lessons l1_0 join subjects s1_0 on s1_0.subject_id=l1_0.subject_id left join lesson_exam le1_0 on l1_0.lesson_id=le1_0.lesson_id left join exams e1_0 on e1_0.exam_id=le1_0.exam_id where l1_0.lesson_id=?
2024-07-27T14:53:31.263+07:00 DEBUG 16704 --- [Knowledge Revising System] [   scheduling-1] org.hibernate.SQL                        : select l1_0.lesson_id,l1_0.description,l1_0.title,l1_0.priority,l1_0.status,l1_0.subject_id,s1_0.subject_id,s1_0.code,s1_0.description,s1_0.name,s1_0.speciality,s1_0.status,le1_0.lesson_id,le1_0.leson_exam_id,le1_0.exam_id,e1_0.exam_id,e1_0.course_id,e1_0.creator_id,e1_0.description,e1_0.length,e1_0.name,e1_0.number_of_questions,e1_0.status,e1_0.subject_id,le1_0.number_of_questions from lessons l1_0 join subjects s1_0 on s1_0.subject_id=l1_0.subject_id left join lesson_exam le1_0 on l1_0.lesson_id=le1_0.lesson_id left join exams e1_0 on e1_0.exam_id=le1_0.exam_id where l1_0.lesson_id=?
2024-07-27T14:53:31.269+07:00 DEBUG 16704 --- [Knowledge Revising System] [   scheduling-1] org.hibernate.SQL                        : select ss1_0.lesson_id,ss1_0.set_id,ss1_0.definition,ss1_0.status,ss1_0.term from study_set ss1_0 where ss1_0.lesson_id=?
2024-07-27T14:53:31.271+07:00 DEBUG 16704 --- [Knowledge Revising System] [   scheduling-1] org.hibernate.SQL                        : select q1_0.lesson_id,q1_0.question_id,q1_0.question_text,q1_0.level,q1_0.picture,q1_0.status from questions q1_0 where q1_0.lesson_id=?
2024-07-27T14:53:31.272+07:00 DEBUG 16704 --- [Knowledge Revising System] [   scheduling-1] org.hibernate.SQL                        : select ss1_0.lesson_id,ss1_0.set_id,ss1_0.definition,ss1_0.status,ss1_0.term from study_set ss1_0 where ss1_0.lesson_id=?
2024-07-27T14:53:31.274+07:00 DEBUG 16704 --- [Knowledge Revising System] [   scheduling-1] org.hibernate.SQL                        : select q1_0.lesson_id,q1_0.question_id,q1_0.question_text,q1_0.level,q1_0.picture,q1_0.status from questions q1_0 where q1_0.lesson_id=?
2024-07-27T14:53:31.275+07:00 DEBUG 16704 --- [Knowledge Revising System] [   scheduling-1] org.hibernate.SQL                        : select ss1_0.lesson_id,ss1_0.set_id,ss1_0.definition,ss1_0.status,ss1_0.term from study_set ss1_0 where ss1_0.lesson_id=?
2024-07-27T14:53:31.277+07:00 DEBUG 16704 --- [Knowledge Revising System] [   scheduling-1] org.hibernate.SQL                        : select q1_0.lesson_id,q1_0.question_id,q1_0.question_text,q1_0.level,q1_0.picture,q1_0.status from questions q1_0 where q1_0.lesson_id=?
2024-07-27T14:53:31.279+07:00 DEBUG 16704 --- [Knowledge Revising System] [   scheduling-1] org.hibernate.SQL                        : select ss1_0.lesson_id,ss1_0.set_id,ss1_0.definition,ss1_0.status,ss1_0.term from study_set ss1_0 where ss1_0.lesson_id=?
2024-07-27T14:53:31.281+07:00 DEBUG 16704 --- [Knowledge Revising System] [   scheduling-1] org.hibernate.SQL                        : select q1_0.lesson_id,q1_0.question_id,q1_0.question_text,q1_0.level,q1_0.picture,q1_0.status from questions q1_0 where q1_0.lesson_id=?
2024-07-27T14:53:31.283+07:00 DEBUG 16704 --- [Knowledge Revising System] [   scheduling-1] org.hibernate.SQL                        : select ss1_0.lesson_id,ss1_0.set_id,ss1_0.definition,ss1_0.status,ss1_0.term from study_set ss1_0 where ss1_0.lesson_id=?
2024-07-27T14:53:31.284+07:00 DEBUG 16704 --- [Knowledge Revising System] [   scheduling-1] org.hibernate.SQL                        : select q1_0.lesson_id,q1_0.question_id,q1_0.question_text,q1_0.level,q1_0.picture,q1_0.status from questions q1_0 where q1_0.lesson_id=?
2024-07-27T14:53:31.286+07:00 DEBUG 16704 --- [Knowledge Revising System] [   scheduling-1] org.hibernate.SQL                        : select ss1_0.lesson_id,ss1_0.set_id,ss1_0.definition,ss1_0.status,ss1_0.term from study_set ss1_0 where ss1_0.lesson_id=?
2024-07-27T14:53:31.288+07:00 DEBUG 16704 --- [Knowledge Revising System] [   scheduling-1] org.hibernate.SQL                        : select q1_0.lesson_id,q1_0.question_id,q1_0.question_text,q1_0.level,q1_0.picture,q1_0.status from questions q1_0 where q1_0.lesson_id=?
2024-07-27T14:53:31.289+07:00 DEBUG 16704 --- [Knowledge Revising System] [   scheduling-1] org.hibernate.SQL                        : select ss1_0.lesson_id,ss1_0.set_id,ss1_0.definition,ss1_0.status,ss1_0.term from study_set ss1_0 where ss1_0.lesson_id=?
2024-07-27T14:53:31.290+07:00 DEBUG 16704 --- [Knowledge Revising System] [   scheduling-1] org.hibernate.SQL                        : select q1_0.lesson_id,q1_0.question_id,q1_0.question_text,q1_0.level,q1_0.picture,q1_0.status from questions q1_0 where q1_0.lesson_id=?
2024-07-27T14:53:31.291+07:00 DEBUG 16704 --- [Knowledge Revising System] [   scheduling-1] org.hibernate.SQL                        : select ss1_0.lesson_id,ss1_0.set_id,ss1_0.definition,ss1_0.status,ss1_0.term from study_set ss1_0 where ss1_0.lesson_id=?
2024-07-27T14:53:31.292+07:00 DEBUG 16704 --- [Knowledge Revising System] [   scheduling-1] org.hibernate.SQL                        : select q1_0.lesson_id,q1_0.question_id,q1_0.question_text,q1_0.level,q1_0.picture,q1_0.status from questions q1_0 where q1_0.lesson_id=?
2024-07-27T14:53:31.294+07:00 DEBUG 16704 --- [Knowledge Revising System] [   scheduling-1] org.hibernate.SQL                        : select le1_0.exam_id,le1_0.leson_exam_id,le1_0.lesson_id,l1_0.lesson_id,l1_0.description,l1_0.title,l1_0.priority,l1_0.status,l1_0.subject_id,s1_0.subject_id,s1_0.code,s1_0.description,s1_0.name,s1_0.speciality,s1_0.status,le1_0.number_of_questions from lesson_exam le1_0 left join lessons l1_0 on l1_0.lesson_id=le1_0.lesson_id left join subjects s1_0 on s1_0.subject_id=l1_0.subject_id where le1_0.exam_id=?
2024-07-27T14:53:31.296+07:00 DEBUG 16704 --- [Knowledge Revising System] [   scheduling-1] org.hibernate.SQL                        : select al1_0.exam_id,al1_0.attempt_id,al1_0.attempt_date,al1_0.mark,al1_0.status,u1_0.user_id,u1_0.access_token,u1_0.avatar,u1_0.email,u1_0.full_name,u1_0.note,u1_0.password,r1_0.role_id,r1_0.description,r1_0.role_name,r1_0.priority,r1_0.speciality,r1_0.status,u1_0.status,uc1_0.user_id,uc1_0.code,uc1_0.time from attempt al1_0 left join users u1_0 on u1_0.user_id=al1_0.user_id left join role r1_0 on r1_0.role_id=u1_0.role_id left join user_code uc1_0 on u1_0.user_id=uc1_0.user_id where al1_0.exam_id=?
2024-07-27T14:53:31.298+07:00 DEBUG 16704 --- [Knowledge Revising System] [   scheduling-1] org.hibernate.SQL                        : select le1_0.exam_id,le1_0.leson_exam_id,le1_0.lesson_id,l1_0.lesson_id,l1_0.description,l1_0.title,l1_0.priority,l1_0.status,l1_0.subject_id,s1_0.subject_id,s1_0.code,s1_0.description,s1_0.name,s1_0.speciality,s1_0.status,le1_0.number_of_questions from lesson_exam le1_0 left join lessons l1_0 on l1_0.lesson_id=le1_0.lesson_id left join subjects s1_0 on s1_0.subject_id=l1_0.subject_id where le1_0.exam_id=?
2024-07-27T14:53:31.300+07:00 DEBUG 16704 --- [Knowledge Revising System] [   scheduling-1] org.hibernate.SQL                        : select al1_0.exam_id,al1_0.attempt_id,al1_0.attempt_date,al1_0.mark,al1_0.status,u1_0.user_id,u1_0.access_token,u1_0.avatar,u1_0.email,u1_0.full_name,u1_0.note,u1_0.password,r1_0.role_id,r1_0.description,r1_0.role_name,r1_0.priority,r1_0.speciality,r1_0.status,u1_0.status,uc1_0.user_id,uc1_0.code,uc1_0.time from attempt al1_0 left join users u1_0 on u1_0.user_id=al1_0.user_id left join role r1_0 on r1_0.role_id=u1_0.role_id left join user_code uc1_0 on u1_0.user_id=uc1_0.user_id where al1_0.exam_id=?
2024-07-27T14:53:31.302+07:00 DEBUG 16704 --- [Knowledge Revising System] [   scheduling-1] org.hibernate.SQL                        : select le1_0.exam_id,le1_0.leson_exam_id,le1_0.lesson_id,l1_0.lesson_id,l1_0.description,l1_0.title,l1_0.priority,l1_0.status,l1_0.subject_id,s1_0.subject_id,s1_0.code,s1_0.description,s1_0.name,s1_0.speciality,s1_0.status,le1_0.number_of_questions from lesson_exam le1_0 left join lessons l1_0 on l1_0.lesson_id=le1_0.lesson_id left join subjects s1_0 on s1_0.subject_id=l1_0.subject_id where le1_0.exam_id=?
2024-07-27T14:53:31.304+07:00 DEBUG 16704 --- [Knowledge Revising System] [   scheduling-1] org.hibernate.SQL                        : select al1_0.exam_id,al1_0.attempt_id,al1_0.attempt_date,al1_0.mark,al1_0.status,u1_0.user_id,u1_0.access_token,u1_0.avatar,u1_0.email,u1_0.full_name,u1_0.note,u1_0.password,r1_0.role_id,r1_0.description,r1_0.role_name,r1_0.priority,r1_0.speciality,r1_0.status,u1_0.status,uc1_0.user_id,uc1_0.code,uc1_0.time from attempt al1_0 left join users u1_0 on u1_0.user_id=al1_0.user_id left join role r1_0 on r1_0.role_id=u1_0.role_id left join user_code uc1_0 on u1_0.user_id=uc1_0.user_id where al1_0.exam_id=?
2024-07-27T14:53:31.307+07:00 DEBUG 16704 --- [Knowledge Revising System] [   scheduling-1] org.hibernate.SQL                        : select le1_0.exam_id,le1_0.leson_exam_id,le1_0.lesson_id,l1_0.lesson_id,l1_0.description,l1_0.title,l1_0.priority,l1_0.status,l1_0.subject_id,s1_0.subject_id,s1_0.code,s1_0.description,s1_0.name,s1_0.speciality,s1_0.status,le1_0.number_of_questions from lesson_exam le1_0 left join lessons l1_0 on l1_0.lesson_id=le1_0.lesson_id left join subjects s1_0 on s1_0.subject_id=l1_0.subject_id where le1_0.exam_id=?
2024-07-27T14:53:31.309+07:00 DEBUG 16704 --- [Knowledge Revising System] [   scheduling-1] org.hibernate.SQL                        : select al1_0.exam_id,al1_0.attempt_id,al1_0.attempt_date,al1_0.mark,al1_0.status,u1_0.user_id,u1_0.access_token,u1_0.avatar,u1_0.email,u1_0.full_name,u1_0.note,u1_0.password,r1_0.role_id,r1_0.description,r1_0.role_name,r1_0.priority,r1_0.speciality,r1_0.status,u1_0.status,uc1_0.user_id,uc1_0.code,uc1_0.time from attempt al1_0 left join users u1_0 on u1_0.user_id=al1_0.user_id left join role r1_0 on r1_0.role_id=u1_0.role_id left join user_code uc1_0 on u1_0.user_id=uc1_0.user_id where al1_0.exam_id=?
2024-07-27T14:53:31.312+07:00 DEBUG 16704 --- [Knowledge Revising System] [   scheduling-1] org.hibernate.SQL                        : select le1_0.exam_id,le1_0.leson_exam_id,le1_0.lesson_id,l1_0.lesson_id,l1_0.description,l1_0.title,l1_0.priority,l1_0.status,l1_0.subject_id,s1_0.subject_id,s1_0.code,s1_0.description,s1_0.name,s1_0.speciality,s1_0.status,le1_0.number_of_questions from lesson_exam le1_0 left join lessons l1_0 on l1_0.lesson_id=le1_0.lesson_id left join subjects s1_0 on s1_0.subject_id=l1_0.subject_id where le1_0.exam_id=?
2024-07-27T14:53:31.314+07:00 DEBUG 16704 --- [Knowledge Revising System] [   scheduling-1] org.hibernate.SQL                        : select al1_0.exam_id,al1_0.attempt_id,al1_0.attempt_date,al1_0.mark,al1_0.status,u1_0.user_id,u1_0.access_token,u1_0.avatar,u1_0.email,u1_0.full_name,u1_0.note,u1_0.password,r1_0.role_id,r1_0.description,r1_0.role_name,r1_0.priority,r1_0.speciality,r1_0.status,u1_0.status,uc1_0.user_id,uc1_0.code,uc1_0.time from attempt al1_0 left join users u1_0 on u1_0.user_id=al1_0.user_id left join role r1_0 on r1_0.role_id=u1_0.role_id left join user_code uc1_0 on u1_0.user_id=uc1_0.user_id where al1_0.exam_id=?
2024-07-27T14:53:31.316+07:00 DEBUG 16704 --- [Knowledge Revising System] [   scheduling-1] org.hibernate.SQL                        : select u1_0.role_id,u1_0.user_id,u1_0.access_token,u1_0.avatar,u1_0.email,u1_0.full_name,u1_0.note,u1_0.password,u1_0.status,uc1_0.user_id,uc1_0.code,uc1_0.time from users u1_0 left join user_code uc1_0 on u1_0.user_id=uc1_0.user_id where u1_0.role_id=?
2024-07-27T14:53:31.318+07:00 DEBUG 16704 --- [Knowledge Revising System] [   scheduling-1] org.hibernate.SQL                        : select s1_0.speciality,s1_0.subject_id,s1_0.code,s1_0.description,s1_0.name,s1_0.status from subjects s1_0 where s1_0.speciality=?
2024-07-27T14:53:31.319+07:00 DEBUG 16704 --- [Knowledge Revising System] [   scheduling-1] org.hibernate.SQL                        : select c1_0.role_id,c1_0.course_id,c1_0.course_name,c1_0.description,c1_0.status,s1_0.subject_id,s1_0.code,s1_0.description,s1_0.name,s1_0.speciality,s1_0.status,t1_0.user_id,t1_0.access_token,t1_0.avatar,t1_0.email,t1_0.full_name,t1_0.note,t1_0.password,r3_0.role_id,r3_0.description,r3_0.role_name,r3_0.priority,r3_0.speciality,r3_0.status,t1_0.status,uc1_0.user_id,uc1_0.code,uc1_0.time from course c1_0 left join subjects s1_0 on s1_0.subject_id=c1_0.subject_id left join users t1_0 on t1_0.user_id=c1_0.teacher_id left join role r3_0 on r3_0.role_id=t1_0.role_id left join user_code uc1_0 on t1_0.user_id=uc1_0.user_id where c1_0.role_id=?
2024-07-27T14:53:31.321+07:00 DEBUG 16704 --- [Knowledge Revising System] [   scheduling-1] org.hibernate.SQL                        : select le1_0.exam_id,le1_0.leson_exam_id,le1_0.lesson_id,l1_0.lesson_id,l1_0.description,l1_0.title,l1_0.priority,l1_0.status,l1_0.subject_id,s1_0.subject_id,s1_0.code,s1_0.description,s1_0.name,s1_0.speciality,s1_0.status,le1_0.number_of_questions from lesson_exam le1_0 left join lessons l1_0 on l1_0.lesson_id=le1_0.lesson_id left join subjects s1_0 on s1_0.subject_id=l1_0.subject_id where le1_0.exam_id=?
2024-07-27T14:53:31.323+07:00 DEBUG 16704 --- [Knowledge Revising System] [   scheduling-1] org.hibernate.SQL                        : select al1_0.exam_id,al1_0.attempt_id,al1_0.attempt_date,al1_0.mark,al1_0.status,u1_0.user_id,u1_0.access_token,u1_0.avatar,u1_0.email,u1_0.full_name,u1_0.note,u1_0.password,r1_0.role_id,r1_0.description,r1_0.role_name,r1_0.priority,r1_0.speciality,r1_0.status,u1_0.status,uc1_0.user_id,uc1_0.code,uc1_0.time from attempt al1_0 left join users u1_0 on u1_0.user_id=al1_0.user_id left join role r1_0 on r1_0.role_id=u1_0.role_id left join user_code uc1_0 on u1_0.user_id=uc1_0.user_id where al1_0.exam_id=?
2024-07-27T14:53:31.327+07:00 DEBUG 16704 --- [Knowledge Revising System] [   scheduling-1] org.hibernate.SQL                        : select ss1_0.lesson_id,ss1_0.set_id,ss1_0.definition,ss1_0.status,ss1_0.term from study_set ss1_0 where ss1_0.lesson_id=?
2024-07-27T14:53:31.330+07:00 DEBUG 16704 --- [Knowledge Revising System] [   scheduling-1] org.hibernate.SQL                        : select q1_0.lesson_id,q1_0.question_id,q1_0.question_text,q1_0.level,q1_0.picture,q1_0.status from questions q1_0 where q1_0.lesson_id=?
2024-07-27T14:53:31.335+07:00 DEBUG 16704 --- [Knowledge Revising System] [   scheduling-1] org.hibernate.SQL                        : select u1_0.role_id,u1_0.user_id,u1_0.access_token,u1_0.avatar,u1_0.email,u1_0.full_name,u1_0.note,u1_0.password,u1_0.status,uc1_0.user_id,uc1_0.code,uc1_0.time from users u1_0 left join user_code uc1_0 on u1_0.user_id=uc1_0.user_id where u1_0.role_id=?
2024-07-27T14:53:31.338+07:00 DEBUG 16704 --- [Knowledge Revising System] [   scheduling-1] org.hibernate.SQL                        : select s1_0.speciality,s1_0.subject_id,s1_0.code,s1_0.description,s1_0.name,s1_0.status from subjects s1_0 where s1_0.speciality=?
2024-07-27T14:53:31.339+07:00 DEBUG 16704 --- [Knowledge Revising System] [   scheduling-1] org.hibernate.SQL                        : select c1_0.role_id,c1_0.course_id,c1_0.course_name,c1_0.description,c1_0.status,s1_0.subject_id,s1_0.code,s1_0.description,s1_0.name,s1_0.speciality,s1_0.status,t1_0.user_id,t1_0.access_token,t1_0.avatar,t1_0.email,t1_0.full_name,t1_0.note,t1_0.password,r3_0.role_id,r3_0.description,r3_0.role_name,r3_0.priority,r3_0.speciality,r3_0.status,t1_0.status,uc1_0.user_id,uc1_0.code,uc1_0.time from course c1_0 left join subjects s1_0 on s1_0.subject_id=c1_0.subject_id left join users t1_0 on t1_0.user_id=c1_0.teacher_id left join role r3_0 on r3_0.role_id=t1_0.role_id left join user_code uc1_0 on t1_0.user_id=uc1_0.user_id where c1_0.role_id=?
2024-07-27T14:53:31.341+07:00 DEBUG 16704 --- [Knowledge Revising System] [   scheduling-1] org.hibernate.SQL                        : select al1_0.exam_id,al1_0.attempt_id,al1_0.attempt_date,al1_0.mark,al1_0.status,u1_0.user_id,u1_0.access_token,u1_0.avatar,u1_0.email,u1_0.full_name,u1_0.note,u1_0.password,r1_0.role_id,r1_0.description,r1_0.role_name,r1_0.priority,r1_0.speciality,r1_0.status,u1_0.status,uc1_0.user_id,uc1_0.code,uc1_0.time from attempt al1_0 left join users u1_0 on u1_0.user_id=al1_0.user_id left join role r1_0 on r1_0.role_id=u1_0.role_id left join user_code uc1_0 on u1_0.user_id=uc1_0.user_id where al1_0.exam_id=?
]]></system-out>
  </testcase>
</testsuite>